<?xml version="1.0" encoding="UTF-8"?>
<!-- Generated by org.testng.reporters.JUnitReportReporter -->
<testsuite hostname="DESKTOP-3KCLKI1" failures="0" tests="1" name="testscript.regression.KeyWordDrivenValidDetails" time="27.661" errors="0" timestamp="2024-04-10T17:41:45 IST" skipped="0">
  <testcase classname="testscript.regression.KeyWordDrivenValidDetails" name="keywordDrivFrame" time="27.661"/>
</testsuite> <!-- testscript.regression.KeyWordDrivenValidDetails -->
