<?xml version="1.0" encoding="UTF-8"?>
<!-- Generated by org.testng.reporters.JUnitReportReporter -->
<testsuite hostname="DESKTOP-3KCLKI1" failures="0" tests="1" name="testscript.regression.ToVerifyValidLoginDetails" time="19.922" errors="0" timestamp="2024-03-27T09:11:41 IST" skipped="0">
  <testcase classname="testscript.regression.ToVerifyValidLoginDetails" name="validLoginDetails" time="19.922"/>
</testsuite> <!-- testscript.regression.ToVerifyValidLoginDetails -->
