<?xml version="1.0" encoding="UTF-8"?>
<!-- Generated by org.testng.reporters.JUnitReportReporter -->
<testsuite hostname="DESKTOP-3KCLKI1" failures="0" tests="1" name="testscript.regression.ValidLoginPom" time="14.770" errors="0" timestamp="2024-04-10T17:50:54 IST" skipped="0">
  <testcase classname="testscript.regression.ValidLoginPom" name="loginTest" time="14.770"/>
</testsuite> <!-- testscript.regression.ValidLoginPom -->
