<?xml version="1.0" encoding="UTF-8"?>
<!-- Generated by org.testng.reporters.JUnitReportReporter -->
<testsuite hostname="DESKTOP-3KCLKI1" failures="0" tests="1" name="testscript.regression.ValidLoginPom2" time="13.928" errors="0" timestamp="2024-04-11T10:09:45 IST" skipped="0">
  <testcase classname="testscript.regression.ValidLoginPom2" name="loginTest" time="13.928"/>
</testsuite> <!-- testscript.regression.ValidLoginPom2 -->
