<?xml version="1.0" encoding="UTF-8"?>
<!-- Generated by org.testng.reporters.JUnitReportReporter -->
<testsuite hostname="DESKTOP-3KCLKI1" failures="0" tests="3" name="testscript.regression.ToVerifInvalidLoginDetails" time="30.167" errors="0" timestamp="2024-03-27T09:40:46 IST" skipped="0">
  <testcase classname="testscript.regression.ToVerifInvalidLoginDetails" name="inValidUnInValidPw" time="8.343"/>
  <testcase classname="testscript.regression.ToVerifInvalidLoginDetails" name="ValidUnInValidPw" time="12.994"/>
  <testcase classname="testscript.regression.ToVerifInvalidLoginDetails" name="inValidUnValidPw" time="8.830"/>
</testsuite> <!-- testscript.regression.ToVerifInvalidLoginDetails -->
