<?xml version="1.0" encoding="UTF-8"?>
<!-- Generated by org.testng.reporters.JUnitReportReporter -->
<testsuite hostname="DESKTOP-3KCLKI1" failures="0" tests="4" name="testscript.regression.DataProvInvalidLogin" time="49.611" errors="0" timestamp="2024-03-28T12:55:20 IST" skipped="0">
  <testcase classname="testscript.regression.DataProvInvalidLogin" name="validateLoginTest" time="9.554"/>
  <testcase classname="testscript.regression.DataProvInvalidLogin" name="validateLoginTest" time="19.559"/>
  <testcase classname="testscript.regression.DataProvInvalidLogin" name="validateLoginTest" time="9.225"/>
  <testcase classname="testscript.regression.DataProvInvalidLogin" name="validateLoginTest" time="11.273"/>
</testsuite> <!-- testscript.regression.DataProvInvalidLogin -->
